2015-07-12 18:00:54 Debug: Notice (8): Undefined index: small_id1 in [C:\xampp\htdocs\Accounts\app\Controller\ExpensesController.php, line 48]
Trace:
ExpensesController::add() - APP\Controller\ExpensesController.php, line 48
ReflectionMethod::invokeArgs() - [internal], line ??
Controller::invokeAction() - CORE\Cake\Controller\Controller.php, line 490
Dispatcher::_invoke() - CORE\Cake\Routing\Dispatcher.php, line 193
Dispatcher::dispatch() - CORE\Cake\Routing\Dispatcher.php, line 167
[main] - APP\webroot\index.php, line 118

2015-07-12 18:03:08 Debug: Notice (8): Undefined index: small_id1 in [C:\xampp\htdocs\Accounts\app\Controller\ExpensesController.php, line 48]
Trace:
ExpensesController::add() - APP\Controller\ExpensesController.php, line 48
ReflectionMethod::invokeArgs() - [internal], line ??
Controller::invokeAction() - CORE\Cake\Controller\Controller.php, line 490
Dispatcher::_invoke() - CORE\Cake\Routing\Dispatcher.php, line 193
Dispatcher::dispatch() - CORE\Cake\Routing\Dispatcher.php, line 167
[main] - APP\webroot\index.php, line 118

2015-07-12 18:03:23 Debug: Notice (8): Undefined index: small_id1 in [C:\xampp\htdocs\Accounts\app\Controller\ExpensesController.php, line 48]
Trace:
ExpensesController::add() - APP\Controller\ExpensesController.php, line 48
ReflectionMethod::invokeArgs() - [internal], line ??
Controller::invokeAction() - CORE\Cake\Controller\Controller.php, line 490
Dispatcher::_invoke() - CORE\Cake\Routing\Dispatcher.php, line 193
Dispatcher::dispatch() - CORE\Cake\Routing\Dispatcher.php, line 167
[main] - APP\webroot\index.php, line 118

2015-07-12 18:03:38 Debug: Notice (8): Undefined index: small_id1 in [C:\xampp\htdocs\Accounts\app\Controller\ExpensesController.php, line 48]
Trace:
ExpensesController::add() - APP\Controller\ExpensesController.php, line 48
ReflectionMethod::invokeArgs() - [internal], line ??
Controller::invokeAction() - CORE\Cake\Controller\Controller.php, line 490
Dispatcher::_invoke() - CORE\Cake\Routing\Dispatcher.php, line 193
Dispatcher::dispatch() - CORE\Cake\Routing\Dispatcher.php, line 167
[main] - APP\webroot\index.php, line 118

2015-07-12 18:04:53 Debug: Notice (8): Undefined index: small_id1 in [C:\xampp\htdocs\Accounts\app\Controller\ExpensesController.php, line 48]
Trace:
ExpensesController::add() - APP\Controller\ExpensesController.php, line 48
ReflectionMethod::invokeArgs() - [internal], line ??
Controller::invokeAction() - CORE\Cake\Controller\Controller.php, line 490
Dispatcher::_invoke() - CORE\Cake\Routing\Dispatcher.php, line 193
Dispatcher::dispatch() - CORE\Cake\Routing\Dispatcher.php, line 167
[main] - APP\webroot\index.php, line 118

2015-07-19 09:34:07 Debug: Notice (8): Undefined variable: bigs in [C:\xampp\htdocs\Accounts\app\View\Expenses\add.ctp, line 8]
Trace:
include - APP\View\Expenses\add.ctp, line 8
View::_evaluate() - CORE\Cake\View\View.php, line 962
View::_render() - CORE\Cake\View\View.php, line 924
View::render() - CORE\Cake\View\View.php, line 473
Controller::render() - CORE\Cake\Controller\Controller.php, line 960
Dispatcher::_invoke() - CORE\Cake\Routing\Dispatcher.php, line 200
Dispatcher::dispatch() - CORE\Cake\Routing\Dispatcher.php, line 167
[main] - APP\webroot\index.php, line 118

2015-07-19 09:34:07 Debug: Notice (8): Undefined variable: smalls in [C:\xampp\htdocs\Accounts\app\View\Expenses\add.ctp, line 14]
Trace:
include - APP\View\Expenses\add.ctp, line 14
View::_evaluate() - CORE\Cake\View\View.php, line 962
View::_render() - CORE\Cake\View\View.php, line 924
View::render() - CORE\Cake\View\View.php, line 473
Controller::render() - CORE\Cake\Controller\Controller.php, line 960
Dispatcher::_invoke() - CORE\Cake\Routing\Dispatcher.php, line 200
Dispatcher::dispatch() - CORE\Cake\Routing\Dispatcher.php, line 167
[main] - APP\webroot\index.php, line 118

2015-07-19 09:34:07 Debug: Notice (8): Undefined variable: depts in [C:\xampp\htdocs\Accounts\app\View\Expenses\add.ctp, line 157]
Trace:
include - APP\View\Expenses\add.ctp, line 157
View::_evaluate() - CORE\Cake\View\View.php, line 962
View::_render() - CORE\Cake\View\View.php, line 924
View::render() - CORE\Cake\View\View.php, line 473
Controller::render() - CORE\Cake\Controller\Controller.php, line 960
Dispatcher::_invoke() - CORE\Cake\Routing\Dispatcher.php, line 200
Dispatcher::dispatch() - CORE\Cake\Routing\Dispatcher.php, line 167
[main] - APP\webroot\index.php, line 118

2015-07-29 12:22:42 Debug: 06006
2015-07-29 12:22:42 Debug: Array
(
    [Expense] => Array
        (
            [no] => 6
            [total] => 100
            [date] => Array
                (
                    [year] => 2015
                    [month] => 06
                    [day] => 29
                )

            [team] => sample
            [dept_id] => 1
            [big_id1] => 4
            [small_id1] => 11
            [item1] => 
            [product1] => さｍｐぇ
            [price1] => 100
            [number1] => 1
            [subtotal1] => 100
            [purpose1] => sample
            [method] => 立替
            [n] => 2
        )

)

2015-07-29 12:25:26 Debug: 06006
2015-07-29 12:25:26 Debug: Array
(
    [Expense] => Array
        (
            [no] => 6
            [total] => 100
            [date] => Array
                (
                    [year] => 2015
                    [month] => 07
                    [day] => 29
                )

            [team] => sample
            [dept_id] => 1
            [big_id1] => 4
            [small_id1] => 11
            [item1] => 
            [product1] => さｍｐぇ
            [price1] => 100
            [number1] => 1
            [subtotal1] => 100
            [purpose1] => sample
            [method] => 立替
            [n] => 2
        )

)

2015-07-29 12:27:20 Debug: 2015-07-01
2015-07-29 12:27:20 Debug: 2015-07-29
2015-07-29 12:27:20 Debug: 2015-07-01
2015-07-29 12:27:20 Debug: 06006
2015-07-29 12:27:20 Debug: Array
(
    [Expense] => Array
        (
            [no] => 6
            [total] => 100
            [date] => Array
                (
                    [year] => 2015
                    [month] => 07
                    [day] => 29
                )

            [team] => sample
            [dept_id] => 1
            [big_id1] => 4
            [small_id1] => 11
            [item1] => 
            [product1] => さｍｐぇ
            [price1] => 100
            [number1] => 1
            [subtotal1] => 100
            [purpose1] => sample
            [method] => 立替
            [n] => 2
        )

)

2015-07-29 12:37:21 Debug: 2015-06-01
2015-07-29 12:37:21 Debug: 2015-07-29
2015-07-29 12:37:21 Debug: 2015-07-01
2015-07-29 12:37:21 Debug: change\n
2015-07-29 12:37:21 Debug: 07006
2015-07-29 12:37:21 Debug: Array
(
    [Expense] => Array
        (
            [no] => 6
            [total] => 100
            [date] => Array
                (
                    [year] => 2015
                    [month] => 07
                    [day] => 29
                )

            [month] => 06
            [team] => sample
            [dept_id] => 1
            [big_id1] => 4
            [small_id1] => 11
            [item1] => 
            [product1] => さｍｐぇ
            [price1] => 100
            [number1] => 1
            [subtotal1] => 100
            [purpose1] => sample
            [method] => 立替
            [n] => 2
        )

)

2015-07-29 12:37:34 Debug: 2015-07-01
2015-07-29 12:37:34 Debug: 2015-06-29
2015-07-29 12:37:34 Debug: 2015-06-01
2015-07-29 12:37:34 Debug: change\n
2015-07-29 12:37:34 Debug: 06004
2015-07-29 12:37:34 Debug: Array
(
    [Expense] => Array
        (
            [no] => 4
            [total] => 100
            [date] => Array
                (
                    [year] => 2015
                    [month] => 06
                    [day] => 29
                )

            [month] => 07
            [team] => sample
            [dept_id] => 1
            [big_id1] => 4
            [small_id1] => 11
            [item1] => 
            [product1] => さｍｐぇ
            [price1] => 100
            [number1] => 1
            [subtotal1] => 100
            [purpose1] => sample
            [method] => 立替
            [n] => 2
        )

)

2015-08-04 13:57:39 Debug: 2015-07-01
2015-08-04 13:57:40 Debug: 2015-07-29
2015-08-04 13:57:40 Debug: 2015-07-01
2015-08-04 13:57:40 Debug: 07005
2015-08-04 13:57:40 Debug: Array
(
    [Expense] => Array
        (
            [no] => 5
            [total] => 212
            [date] => Array
                (
                    [year] => 2015
                    [month] => 07
                    [day] => 29
                )

            [month] => 07
            [team] => test
            [dept_id] => 1
            [big_id1] => 4
            [small_id1] => 11
            [item1] => test
            [product1] => 100
            [price1] => 100
            [number1] => 1
            [subtotal1] => 100
            [purpose1] => テスト
テスト
テスト&amp;amp;quot;
            [big_id2] => 4
            [small_id2] => 11
            [item2] => test
            [product2] => a
            [price2] => 100
            [number2] => 1
            [subtotal2] => 100
            [purpose2] => テスト
            [big_id3] => 4
            [small_id3] => 11
            [item3] => rwar
            [product3] => a
            [price3] => 1
            [number3] => 2
            [subtotal3] => 2
            [purpose3] => あ
お
う
お
            [big_id4] => 4
            [small_id4] => 11
            [item4] => 
            [product4] => 
            [price4] => 2
            [number4] => 5
            [subtotal4] => 10
            [purpose4] => s2
            [method] => 立替
            [n] => 5
        )

)

2015-12-10 16:59:55 Debug: Notice (8): Undefined variable: filename in [C:\xampp\htdocs\Accounts\app\View\Helper\CsvHelper.php, line 38]
Trace:
CsvHelper::renderHeaders() - APP\View\Helper\CsvHelper.php, line 38
CsvHelper::render() - APP\View\Helper\CsvHelper.php, line 53
include - APP\View\Expenses\download.ctp, line 8
View::_evaluate() - CORE\Cake\View\View.php, line 962
View::_render() - CORE\Cake\View\View.php, line 924
View::render() - CORE\Cake\View\View.php, line 473
Controller::render() - CORE\Cake\Controller\Controller.php, line 960
Dispatcher::_invoke() - CORE\Cake\Routing\Dispatcher.php, line 200
Dispatcher::dispatch() - CORE\Cake\Routing\Dispatcher.php, line 167
[main] - APP\webroot\index.php, line 118

2015-12-10 17:01:14 Debug: Notice (8): Undefined variable: filename in [C:\xampp\htdocs\Accounts\app\View\Helper\CsvHelper.php, line 38]
Trace:
CsvHelper::renderHeaders() - APP\View\Helper\CsvHelper.php, line 38
CsvHelper::render() - APP\View\Helper\CsvHelper.php, line 53
include - APP\View\Expenses\download.ctp, line 8
View::_evaluate() - CORE\Cake\View\View.php, line 962
View::_render() - CORE\Cake\View\View.php, line 924
View::render() - CORE\Cake\View\View.php, line 473
Controller::render() - CORE\Cake\Controller\Controller.php, line 960
Dispatcher::_invoke() - CORE\Cake\Routing\Dispatcher.php, line 200
Dispatcher::dispatch() - CORE\Cake\Routing\Dispatcher.php, line 167
[main] - APP\webroot\index.php, line 118

2015-12-10 17:01:44 Debug: Notice (8): Undefined variable: filename in [C:\xampp\htdocs\Accounts\app\View\Helper\CsvHelper.php, line 38]
Trace:
CsvHelper::renderHeaders() - APP\View\Helper\CsvHelper.php, line 38
CsvHelper::render() - APP\View\Helper\CsvHelper.php, line 53
include - APP\View\Expenses\download.ctp, line 8
View::_evaluate() - CORE\Cake\View\View.php, line 962
View::_render() - CORE\Cake\View\View.php, line 924
View::render() - CORE\Cake\View\View.php, line 473
Controller::render() - CORE\Cake\Controller\Controller.php, line 960
Dispatcher::_invoke() - CORE\Cake\Routing\Dispatcher.php, line 200
Dispatcher::dispatch() - CORE\Cake\Routing\Dispatcher.php, line 167
[main] - APP\webroot\index.php, line 118

2015-12-10 17:02:15 Debug: Notice (8): Undefined variable: filename in [C:\xampp\htdocs\Accounts\app\View\Helper\CsvHelper.php, line 38]
Trace:
CsvHelper::renderHeaders() - APP\View\Helper\CsvHelper.php, line 38
CsvHelper::render() - APP\View\Helper\CsvHelper.php, line 53
include - APP\View\Expenses\download.ctp, line 8
View::_evaluate() - CORE\Cake\View\View.php, line 962
View::_render() - CORE\Cake\View\View.php, line 924
View::render() - CORE\Cake\View\View.php, line 473
Controller::render() - CORE\Cake\Controller\Controller.php, line 960
Dispatcher::_invoke() - CORE\Cake\Routing\Dispatcher.php, line 200
Dispatcher::dispatch() - CORE\Cake\Routing\Dispatcher.php, line 167
[main] - APP\webroot\index.php, line 118

2015-12-10 17:02:23 Debug: Notice (8): Undefined variable: filename in [C:\xampp\htdocs\Accounts\app\View\Helper\CsvHelper.php, line 38]
Trace:
CsvHelper::renderHeaders() - APP\View\Helper\CsvHelper.php, line 38
CsvHelper::render() - APP\View\Helper\CsvHelper.php, line 53
include - APP\View\Expenses\download.ctp, line 8
View::_evaluate() - CORE\Cake\View\View.php, line 962
View::_render() - CORE\Cake\View\View.php, line 924
View::render() - CORE\Cake\View\View.php, line 473
Controller::render() - CORE\Cake\Controller\Controller.php, line 960
Dispatcher::_invoke() - CORE\Cake\Routing\Dispatcher.php, line 200
Dispatcher::dispatch() - CORE\Cake\Routing\Dispatcher.php, line 167
[main] - APP\webroot\index.php, line 118

2016-01-08 15:40:20 Debug: Notice (8): Undefined index: Expense in [C:\xampp\htdocs\Accounts\app\Controller\ExpensesController.php, line 140]
Trace:
ExpensesController::view() - APP\Controller\ExpensesController.php, line 140
ReflectionMethod::invokeArgs() - [internal], line ??
Controller::invokeAction() - CORE\Cake\Controller\Controller.php, line 490
Dispatcher::_invoke() - CORE\Cake\Routing\Dispatcher.php, line 193
Dispatcher::dispatch() - CORE\Cake\Routing\Dispatcher.php, line 167
[main] - APP\webroot\index.php, line 118

2016-01-08 15:40:23 Debug: Notice (8): Undefined index: Expense in [C:\xampp\htdocs\Accounts\app\Controller\ExpensesController.php, line 140]
Trace:
ExpensesController::view() - APP\Controller\ExpensesController.php, line 140
ReflectionMethod::invokeArgs() - [internal], line ??
Controller::invokeAction() - CORE\Cake\Controller\Controller.php, line 490
Dispatcher::_invoke() - CORE\Cake\Routing\Dispatcher.php, line 193
Dispatcher::dispatch() - CORE\Cake\Routing\Dispatcher.php, line 167
[main] - APP\webroot\index.php, line 118

2016-01-08 15:40:27 Debug: Notice (8): Undefined index: Expense in [C:\xampp\htdocs\Accounts\app\Controller\ExpensesController.php, line 140]
Trace:
ExpensesController::view() - APP\Controller\ExpensesController.php, line 140
ReflectionMethod::invokeArgs() - [internal], line ??
Controller::invokeAction() - CORE\Cake\Controller\Controller.php, line 490
Dispatcher::_invoke() - CORE\Cake\Routing\Dispatcher.php, line 193
Dispatcher::dispatch() - CORE\Cake\Routing\Dispatcher.php, line 167
[main] - APP\webroot\index.php, line 118

2016-01-08 15:40:27 Debug: Notice (8): Undefined offset: 0 in [C:\xampp\htdocs\Accounts\app\View\Expenses\view.ctp, line 59]
Trace:
include - APP\View\Expenses\view.ctp, line 59
View::_evaluate() - CORE\Cake\View\View.php, line 962
View::_render() - CORE\Cake\View\View.php, line 924
View::render() - CORE\Cake\View\View.php, line 473
Controller::render() - CORE\Cake\Controller\Controller.php, line 960
Dispatcher::_invoke() - CORE\Cake\Routing\Dispatcher.php, line 200
Dispatcher::dispatch() - CORE\Cake\Routing\Dispatcher.php, line 167
[main] - APP\webroot\index.php, line 118

2016-01-08 15:40:27 Debug: Notice (8): Undefined offset: 0 in [C:\xampp\htdocs\Accounts\app\View\Expenses\view.ctp, line 61]
Trace:
include - APP\View\Expenses\view.ctp, line 61
View::_evaluate() - CORE\Cake\View\View.php, line 962
View::_render() - CORE\Cake\View\View.php, line 924
View::render() - CORE\Cake\View\View.php, line 473
Controller::render() - CORE\Cake\Controller\Controller.php, line 960
Dispatcher::_invoke() - CORE\Cake\Routing\Dispatcher.php, line 200
Dispatcher::dispatch() - CORE\Cake\Routing\Dispatcher.php, line 167
[main] - APP\webroot\index.php, line 118

2016-01-08 15:40:27 Debug: Notice (8): Undefined offset: 0 in [C:\xampp\htdocs\Accounts\app\View\Expenses\view.ctp, line 63]
Trace:
include - APP\View\Expenses\view.ctp, line 63
View::_evaluate() - CORE\Cake\View\View.php, line 962
View::_render() - CORE\Cake\View\View.php, line 924
View::render() - CORE\Cake\View\View.php, line 473
Controller::render() - CORE\Cake\Controller\Controller.php, line 960
Dispatcher::_invoke() - CORE\Cake\Routing\Dispatcher.php, line 200
Dispatcher::dispatch() - CORE\Cake\Routing\Dispatcher.php, line 167
[main] - APP\webroot\index.php, line 118

2016-01-08 15:40:27 Debug: Notice (8): Undefined offset: 0 in [C:\xampp\htdocs\Accounts\app\View\Expenses\view.ctp, line 67]
Trace:
include - APP\View\Expenses\view.ctp, line 67
View::_evaluate() - CORE\Cake\View\View.php, line 962
View::_render() - CORE\Cake\View\View.php, line 924
View::render() - CORE\Cake\View\View.php, line 473
Controller::render() - CORE\Cake\Controller\Controller.php, line 960
Dispatcher::_invoke() - CORE\Cake\Routing\Dispatcher.php, line 200
Dispatcher::dispatch() - CORE\Cake\Routing\Dispatcher.php, line 167
[main] - APP\webroot\index.php, line 118

2016-01-08 15:40:27 Debug: Notice (8): Undefined offset: 0 in [C:\xampp\htdocs\Accounts\app\View\Expenses\view.ctp, line 71]
Trace:
include - APP\View\Expenses\view.ctp, line 71
View::_evaluate() - CORE\Cake\View\View.php, line 962
View::_render() - CORE\Cake\View\View.php, line 924
View::render() - CORE\Cake\View\View.php, line 473
Controller::render() - CORE\Cake\Controller\Controller.php, line 960
Dispatcher::_invoke() - CORE\Cake\Routing\Dispatcher.php, line 200
Dispatcher::dispatch() - CORE\Cake\Routing\Dispatcher.php, line 167
[main] - APP\webroot\index.php, line 118

2016-01-08 15:40:27 Debug: Notice (8): Undefined offset: 0 in [C:\xampp\htdocs\Accounts\app\View\Expenses\view.ctp, line 122]
Trace:
include - APP\View\Expenses\view.ctp, line 122
View::_evaluate() - CORE\Cake\View\View.php, line 962
View::_render() - CORE\Cake\View\View.php, line 924
View::render() - CORE\Cake\View\View.php, line 473
Controller::render() - CORE\Cake\Controller\Controller.php, line 960
Dispatcher::_invoke() - CORE\Cake\Routing\Dispatcher.php, line 200
Dispatcher::dispatch() - CORE\Cake\Routing\Dispatcher.php, line 167
[main] - APP\webroot\index.php, line 118

2016-01-08 15:40:27 Debug: Notice (8): Undefined offset: 0 in [C:\xampp\htdocs\Accounts\app\View\Expenses\view.ctp, line 126]
Trace:
include - APP\View\Expenses\view.ctp, line 126
View::_evaluate() - CORE\Cake\View\View.php, line 962
View::_render() - CORE\Cake\View\View.php, line 924
View::render() - CORE\Cake\View\View.php, line 473
Controller::render() - CORE\Cake\Controller\Controller.php, line 960
Dispatcher::_invoke() - CORE\Cake\Routing\Dispatcher.php, line 200
Dispatcher::dispatch() - CORE\Cake\Routing\Dispatcher.php, line 167
[main] - APP\webroot\index.php, line 118

2016-01-08 15:40:27 Debug: Notice (8): Undefined offset: 0 in [C:\xampp\htdocs\Accounts\app\View\Expenses\view.ctp, line 169]
Trace:
include - APP\View\Expenses\view.ctp, line 169
View::_evaluate() - CORE\Cake\View\View.php, line 962
View::_render() - CORE\Cake\View\View.php, line 924
View::render() - CORE\Cake\View\View.php, line 473
Controller::render() - CORE\Cake\Controller\Controller.php, line 960
Dispatcher::_invoke() - CORE\Cake\Routing\Dispatcher.php, line 200
Dispatcher::dispatch() - CORE\Cake\Routing\Dispatcher.php, line 167
[main] - APP\webroot\index.php, line 118

2016-01-08 15:40:27 Debug: Notice (8): Undefined offset: 0 in [C:\xampp\htdocs\Accounts\app\View\Expenses\view.ctp, line 173]
Trace:
include - APP\View\Expenses\view.ctp, line 173
View::_evaluate() - CORE\Cake\View\View.php, line 962
View::_render() - CORE\Cake\View\View.php, line 924
View::render() - CORE\Cake\View\View.php, line 473
Controller::render() - CORE\Cake\Controller\Controller.php, line 960
Dispatcher::_invoke() - CORE\Cake\Routing\Dispatcher.php, line 200
Dispatcher::dispatch() - CORE\Cake\Routing\Dispatcher.php, line 167
[main] - APP\webroot\index.php, line 118

2016-01-08 15:40:27 Debug: Notice (8): Undefined offset: 0 in [C:\xampp\htdocs\Accounts\app\View\Expenses\view.ctp, line 207]
Trace:
include - APP\View\Expenses\view.ctp, line 207
View::_evaluate() - CORE\Cake\View\View.php, line 962
View::_render() - CORE\Cake\View\View.php, line 924
View::render() - CORE\Cake\View\View.php, line 473
Controller::render() - CORE\Cake\Controller\Controller.php, line 960
Dispatcher::_invoke() - CORE\Cake\Routing\Dispatcher.php, line 200
Dispatcher::dispatch() - CORE\Cake\Routing\Dispatcher.php, line 167
[main] - APP\webroot\index.php, line 118

